<?xml version="1.0" encoding="UTF-8"?>
<testng-results ignored="0" total="5" passed="4" failed="1" skipped="0">
  <reporter-output>
  </reporter-output>
  <suite started-at="2023-08-29T13:36:53 IST" name="Default suite" finished-at="2023-08-29T13:37:26 IST" duration-ms="32528">
    <groups>
    </groups>
    <test started-at="2023-08-29T13:36:53 IST" name="Default test" finished-at="2023-08-29T13:37:26 IST" duration-ms="32528">
      <class name="SeleniumPOM.Assign.PageObjectModel.NewTest">
        <test-method is-config="true" signature="beforeSuite()[pri:0, instance:SeleniumPOM.Assign.PageObjectModel.NewTest@7586beff]" started-at="2023-08-29T13:36:48 IST" name="beforeSuite" finished-at="2023-08-29T13:36:53 IST" duration-ms="5385" status="PASS">
          <reporter-output>
          </reporter-output>
        </test-method> <!-- beforeSuite -->
        <test-method is-config="true" signature="beforeTest()[pri:0, instance:SeleniumPOM.Assign.PageObjectModel.NewTest@7586beff]" started-at="2023-08-29T13:36:54 IST" name="beforeTest" finished-at="2023-08-29T13:36:54 IST" duration-ms="363" status="PASS">
          <reporter-output>
          </reporter-output>
        </test-method> <!-- beforeTest -->
        <test-method is-config="true" signature="beforeMethod()[pri:0, instance:SeleniumPOM.Assign.PageObjectModel.NewTest@7586beff]" started-at="2023-08-29T13:36:55 IST" name="beforeMethod" finished-at="2023-08-29T13:36:55 IST" duration-ms="72" status="PASS">
          <reporter-output>
          </reporter-output>
        </test-method> <!-- beforeMethod -->
        <test-method signature="verifyRegister(java.lang.String,java.lang.String,java.lang.String)[pri:0, instance:SeleniumPOM.Assign.PageObjectModel.NewTest@7586beff]" started-at="2023-08-29T13:36:55 IST" name="verifyRegister" data-provider="dp" finished-at="2023-08-29T13:37:06 IST" duration-ms="10774" status="PASS">
          <params>
            <param index="0">
              <value>
                <![CDATA[performance_glitch_user]]>
              </value>
            </param>
            <param index="1">
              <value>
                <![CDATA[secret_sauce]]>
              </value>
            </param>
            <param index="2">
              <value>
                <![CDATA[TRUE]]>
              </value>
            </param>
          </params>
          <reporter-output>
          </reporter-output>
        </test-method> <!-- verifyRegister -->
        <test-method is-config="true" signature="tearDown(org.testng.ITestResult)[pri:0, instance:SeleniumPOM.Assign.PageObjectModel.NewTest@7586beff]" started-at="2023-08-29T13:37:06 IST" name="tearDown" finished-at="2023-08-29T13:37:06 IST" duration-ms="9" status="PASS">
          <params>
            <param index="0">
              <value>
                <![CDATA[[TestResult name=verifyRegister status=SUCCESS method=NewTest.verifyRegister(java.lang.String,java.lang.String,java.lang.String)[pri:0, instance:SeleniumPOM.Assign.PageObjectModel.NewTest@7586beff] output={null}]]]>
              </value>
            </param>
          </params>
          <reporter-output>
          </reporter-output>
        </test-method> <!-- tearDown -->
        <test-method is-config="true" signature="beforeMethod()[pri:0, instance:SeleniumPOM.Assign.PageObjectModel.NewTest@7586beff]" started-at="2023-08-29T13:37:06 IST" name="beforeMethod" finished-at="2023-08-29T13:37:06 IST" duration-ms="8" status="PASS">
          <reporter-output>
          </reporter-output>
        </test-method> <!-- beforeMethod -->
        <test-method signature="verifyRegister(java.lang.String,java.lang.String,java.lang.String)[pri:0, instance:SeleniumPOM.Assign.PageObjectModel.NewTest@7586beff]" started-at="2023-08-29T13:37:06 IST" name="verifyRegister" data-provider="dp" finished-at="2023-08-29T13:37:09 IST" duration-ms="3254" status="FAIL">
          <params>
            <param index="0">
              <value>
                <![CDATA[locked_out_user]]>
              </value>
            </param>
            <param index="1">
              <value>
                <![CDATA[secret_sauce]]>
              </value>
            </param>
            <param index="2">
              <value>
                <![CDATA[TRUE]]>
              </value>
            </param>
          </params>
          <exception class="java.lang.AssertionError">
            <message>
              <![CDATA[expected [true] but found [false]]]>
            </message>
            <full-stacktrace>
              <![CDATA[java.lang.AssertionError: expected [true] but found [false]
at org.testng.Assert.fail(Assert.java:111)
at org.testng.Assert.failNotEquals(Assert.java:1578)
at org.testng.Assert.assertEqualsImpl(Assert.java:150)
at org.testng.Assert.assertEquals(Assert.java:132)
at org.testng.Assert.assertEquals(Assert.java:1067)
at org.testng.Assert.assertEquals(Assert.java:1031)
at org.testng.Assert.assertEquals(Assert.java:1077)
at SeleniumPOM.Assign.PageObjectModel.NewTest.verifyRegister(NewTest.java:135)
at java.base/jdk.internal.reflect.DirectMethodHandleAccessor.invoke(DirectMethodHandleAccessor.java:104)
at java.base/java.lang.reflect.Method.invoke(Method.java:578)
at org.testng.internal.invokers.MethodInvocationHelper.invokeMethod(MethodInvocationHelper.java:139)
at org.testng.internal.invokers.TestInvoker.invokeMethod(TestInvoker.java:664)
at org.testng.internal.invokers.TestInvoker.invokeTestMethod(TestInvoker.java:227)
at org.testng.internal.invokers.MethodRunner.runInSequence(MethodRunner.java:50)
at org.testng.internal.invokers.TestInvoker$MethodInvocationAgent.invoke(TestInvoker.java:957)
at org.testng.internal.invokers.TestInvoker.invokeTestMethods(TestInvoker.java:200)
at org.testng.internal.invokers.TestMethodWorker.invokeTestMethods(TestMethodWorker.java:148)
at org.testng.internal.invokers.TestMethodWorker.run(TestMethodWorker.java:128)
at java.base/java.util.ArrayList.forEach(ArrayList.java:1511)
at org.testng.TestRunner.privateRun(TestRunner.java:848)
at org.testng.TestRunner.run(TestRunner.java:621)
at org.testng.SuiteRunner.runTest(SuiteRunner.java:443)
at org.testng.SuiteRunner.runSequentially(SuiteRunner.java:437)
at org.testng.SuiteRunner.privateRun(SuiteRunner.java:397)
at org.testng.SuiteRunner.run(SuiteRunner.java:336)
at org.testng.SuiteRunnerWorker.runSuite(SuiteRunnerWorker.java:52)
at org.testng.SuiteRunnerWorker.run(SuiteRunnerWorker.java:95)
at org.testng.TestNG.runSuitesSequentially(TestNG.java:1280)
at org.testng.TestNG.runSuitesLocally(TestNG.java:1200)
at org.testng.TestNG.runSuites(TestNG.java:1114)
at org.testng.TestNG.run(TestNG.java:1082)
at org.testng.remote.AbstractRemoteTestNG.run(AbstractRemoteTestNG.java:115)
at org.testng.remote.RemoteTestNG.initAndRun(RemoteTestNG.java:251)
at org.testng.remote.RemoteTestNG.main(RemoteTestNG.java:77)
]]>
            </full-stacktrace>
          </exception> <!-- java.lang.AssertionError -->
          <reporter-output>
          </reporter-output>
        </test-method> <!-- verifyRegister -->
        <test-method is-config="true" signature="tearDown(org.testng.ITestResult)[pri:0, instance:SeleniumPOM.Assign.PageObjectModel.NewTest@7586beff]" started-at="2023-08-29T13:37:09 IST" name="tearDown" finished-at="2023-08-29T13:37:09 IST" duration-ms="204" status="PASS">
          <params>
            <param index="0">
              <value>
                <![CDATA[[TestResult name=verifyRegister status=FAILURE method=NewTest.verifyRegister(java.lang.String,java.lang.String,java.lang.String)[pri:0, instance:SeleniumPOM.Assign.PageObjectModel.NewTest@7586beff] output={null}]]]>
              </value>
            </param>
          </params>
          <reporter-output>
          </reporter-output>
        </test-method> <!-- tearDown -->
        <test-method is-config="true" signature="beforeMethod()[pri:0, instance:SeleniumPOM.Assign.PageObjectModel.NewTest@7586beff]" started-at="2023-08-29T13:37:09 IST" name="beforeMethod" finished-at="2023-08-29T13:37:09 IST" duration-ms="13" status="PASS">
          <reporter-output>
          </reporter-output>
        </test-method> <!-- beforeMethod -->
        <test-method signature="verifyRegister(java.lang.String,java.lang.String,java.lang.String)[pri:0, instance:SeleniumPOM.Assign.PageObjectModel.NewTest@7586beff]" started-at="2023-08-29T13:37:09 IST" name="verifyRegister" data-provider="dp" finished-at="2023-08-29T13:37:14 IST" duration-ms="5336" status="PASS">
          <params>
            <param index="0">
              <value>
                <![CDATA[problem_user]]>
              </value>
            </param>
            <param index="1">
              <value>
                <![CDATA[secret_sauce]]>
              </value>
            </param>
            <param index="2">
              <value>
                <![CDATA[TRUE]]>
              </value>
            </param>
          </params>
          <reporter-output>
          </reporter-output>
        </test-method> <!-- verifyRegister -->
        <test-method is-config="true" signature="tearDown(org.testng.ITestResult)[pri:0, instance:SeleniumPOM.Assign.PageObjectModel.NewTest@7586beff]" started-at="2023-08-29T13:37:14 IST" name="tearDown" finished-at="2023-08-29T13:37:14 IST" duration-ms="2" status="PASS">
          <params>
            <param index="0">
              <value>
                <![CDATA[[TestResult name=verifyRegister status=SUCCESS method=NewTest.verifyRegister(java.lang.String,java.lang.String,java.lang.String)[pri:0, instance:SeleniumPOM.Assign.PageObjectModel.NewTest@7586beff] output={null}]]]>
              </value>
            </param>
          </params>
          <reporter-output>
          </reporter-output>
        </test-method> <!-- tearDown -->
        <test-method is-config="true" signature="beforeMethod()[pri:0, instance:SeleniumPOM.Assign.PageObjectModel.NewTest@7586beff]" started-at="2023-08-29T13:37:14 IST" name="beforeMethod" finished-at="2023-08-29T13:37:14 IST" duration-ms="5" status="PASS">
          <reporter-output>
          </reporter-output>
        </test-method> <!-- beforeMethod -->
        <test-method signature="verifyRegister(java.lang.String,java.lang.String,java.lang.String)[pri:0, instance:SeleniumPOM.Assign.PageObjectModel.NewTest@7586beff]" started-at="2023-08-29T13:37:14 IST" name="verifyRegister" data-provider="dp" finished-at="2023-08-29T13:37:20 IST" duration-ms="5298" status="PASS">
          <params>
            <param index="0">
              <value>
                <![CDATA[standard_user]]>
              </value>
            </param>
            <param index="1">
              <value>
                <![CDATA[secret_sauce]]>
              </value>
            </param>
            <param index="2">
              <value>
                <![CDATA[TRUE]]>
              </value>
            </param>
          </params>
          <reporter-output>
          </reporter-output>
        </test-method> <!-- verifyRegister -->
        <test-method is-config="true" signature="tearDown(org.testng.ITestResult)[pri:0, instance:SeleniumPOM.Assign.PageObjectModel.NewTest@7586beff]" started-at="2023-08-29T13:37:20 IST" name="tearDown" finished-at="2023-08-29T13:37:20 IST" duration-ms="2" status="PASS">
          <params>
            <param index="0">
              <value>
                <![CDATA[[TestResult name=verifyRegister status=SUCCESS method=NewTest.verifyRegister(java.lang.String,java.lang.String,java.lang.String)[pri:0, instance:SeleniumPOM.Assign.PageObjectModel.NewTest@7586beff] output={null}]]]>
              </value>
            </param>
          </params>
          <reporter-output>
          </reporter-output>
        </test-method> <!-- tearDown -->
        <test-method is-config="true" signature="beforeMethod()[pri:0, instance:SeleniumPOM.Assign.PageObjectModel.NewTest@7586beff]" started-at="2023-08-29T13:37:20 IST" name="beforeMethod" finished-at="2023-08-29T13:37:20 IST" duration-ms="7" status="PASS">
          <reporter-output>
          </reporter-output>
        </test-method> <!-- beforeMethod -->
        <test-method signature="loginTest(java.lang.String,java.lang.String,java.lang.String)[pri:1, instance:SeleniumPOM.Assign.PageObjectModel.NewTest@7586beff]" started-at="2023-08-29T13:37:20 IST" name="loginTest" data-provider="dp1" finished-at="2023-08-29T13:37:26 IST" duration-ms="5772" status="PASS">
          <params>
            <param index="0">
              <value>
                <![CDATA[swet]]>
              </value>
            </param>
            <param index="1">
              <value>
                <![CDATA[sheersh]]>
              </value>
            </param>
            <param index="2">
              <value>
                <![CDATA[842001.0]]>
              </value>
            </param>
          </params>
          <reporter-output>
          </reporter-output>
        </test-method> <!-- loginTest -->
        <test-method is-config="true" signature="tearDown(org.testng.ITestResult)[pri:0, instance:SeleniumPOM.Assign.PageObjectModel.NewTest@7586beff]" started-at="2023-08-29T13:37:26 IST" name="tearDown" finished-at="2023-08-29T13:37:26 IST" duration-ms="1" status="PASS">
          <params>
            <param index="0">
              <value>
                <![CDATA[[TestResult name=loginTest status=SUCCESS method=NewTest.loginTest(java.lang.String,java.lang.String,java.lang.String)[pri:1, instance:SeleniumPOM.Assign.PageObjectModel.NewTest@7586beff] output={null}]]]>
              </value>
            </param>
          </params>
          <reporter-output>
          </reporter-output>
        </test-method> <!-- tearDown -->
        <test-method is-config="true" signature="afterTest()[pri:0, instance:SeleniumPOM.Assign.PageObjectModel.NewTest@7586beff]" started-at="2023-08-29T13:37:26 IST" name="afterTest" finished-at="2023-08-29T13:37:26 IST" duration-ms="367" status="PASS">
          <reporter-output>
          </reporter-output>
        </test-method> <!-- afterTest -->
        <test-method is-config="true" signature="afterSuite()[pri:0, instance:SeleniumPOM.Assign.PageObjectModel.NewTest@7586beff]" started-at="2023-08-29T13:37:26 IST" name="afterSuite" finished-at="2023-08-29T13:37:26 IST" duration-ms="218" status="PASS">
          <reporter-output>
          </reporter-output>
        </test-method> <!-- afterSuite -->
      </class> <!-- SeleniumPOM.Assign.PageObjectModel.NewTest -->
    </test> <!-- Default test -->
  </suite> <!-- Default suite -->
</testng-results>
